  glad.c
c:\program files (x86)\windows kits\10\include\10.0.17763.0\shared\minwindef.h(130): warning C4005: 'APIENTRY': macro redefinition
  c:\computer science\comp371\project\comp371-computer-graphic-scene-of-end-of-the-world-master\ooopen\thirdparty\include\glad\glad.h(32): note: see previous definition of 'APIENTRY'
  main.cpp
c:\computer science\comp371\project\comp371-computer-graphic-scene-of-end-of-the-world-master\ooopen\ooopen\main.cpp(346): warning C4244: 'initializing': conversion from 'double' to 'float', possible loss of data
c:\computer science\comp371\project\comp371-computer-graphic-scene-of-end-of-the-world-master\ooopen\ooopen\main.cpp(537): warning C4244: '=': conversion from 'double' to 'float', possible loss of data
c:\computer science\comp371\project\comp371-computer-graphic-scene-of-end-of-the-world-master\ooopen\ooopen\main.cpp(538): warning C4244: '=': conversion from 'double' to 'float', possible loss of data
c:\computer science\comp371\project\comp371-computer-graphic-scene-of-end-of-the-world-master\ooopen\ooopen\main.cpp(542): warning C4244: 'initializing': conversion from 'double' to 'float', possible loss of data
c:\computer science\comp371\project\comp371-computer-graphic-scene-of-end-of-the-world-master\ooopen\ooopen\main.cpp(543): warning C4244: 'initializing': conversion from 'double' to 'float', possible loss of data
c:\computer science\comp371\project\comp371-computer-graphic-scene-of-end-of-the-world-master\ooopen\ooopen\main.cpp(545): warning C4244: '=': conversion from 'double' to 'float', possible loss of data
c:\computer science\comp371\project\comp371-computer-graphic-scene-of-end-of-the-world-master\ooopen\ooopen\main.cpp(546): warning C4244: '=': conversion from 'double' to 'float', possible loss of data
c:\computer science\comp371\project\comp371-computer-graphic-scene-of-end-of-the-world-master\ooopen\ooopen\main.cpp(555): warning C4244: 'argument': conversion from 'double' to 'float', possible loss of data
  stb.cpp
  Generating Code...
glfw3.lib(context.obj) : warning LNK4099: PDB 'glfw.pdb' was not found with 'glfw3.lib(context.obj)' or at 'C:\Computer Science\Comp371\Project\COMP371-Computer-Graphic-Scene-of-End-of-the-World-master\ooopen\Debug\glfw.pdb'; linking object as if no debug info
glfw3.lib(init.obj) : warning LNK4099: PDB 'glfw.pdb' was not found with 'glfw3.lib(init.obj)' or at 'C:\Computer Science\Comp371\Project\COMP371-Computer-Graphic-Scene-of-End-of-the-World-master\ooopen\Debug\glfw.pdb'; linking object as if no debug info
glfw3.lib(input.obj) : warning LNK4099: PDB 'glfw.pdb' was not found with 'glfw3.lib(input.obj)' or at 'C:\Computer Science\Comp371\Project\COMP371-Computer-Graphic-Scene-of-End-of-the-World-master\ooopen\Debug\glfw.pdb'; linking object as if no debug info
glfw3.lib(monitor.obj) : warning LNK4099: PDB 'glfw.pdb' was not found with 'glfw3.lib(monitor.obj)' or at 'C:\Computer Science\Comp371\Project\COMP371-Computer-Graphic-Scene-of-End-of-the-World-master\ooopen\Debug\glfw.pdb'; linking object as if no debug info
glfw3.lib(vulkan.obj) : warning LNK4099: PDB 'glfw.pdb' was not found with 'glfw3.lib(vulkan.obj)' or at 'C:\Computer Science\Comp371\Project\COMP371-Computer-Graphic-Scene-of-End-of-the-World-master\ooopen\Debug\glfw.pdb'; linking object as if no debug info
glfw3.lib(window.obj) : warning LNK4099: PDB 'glfw.pdb' was not found with 'glfw3.lib(window.obj)' or at 'C:\Computer Science\Comp371\Project\COMP371-Computer-Graphic-Scene-of-End-of-the-World-master\ooopen\Debug\glfw.pdb'; linking object as if no debug info
glfw3.lib(win32_init.obj) : warning LNK4099: PDB 'glfw.pdb' was not found with 'glfw3.lib(win32_init.obj)' or at 'C:\Computer Science\Comp371\Project\COMP371-Computer-Graphic-Scene-of-End-of-the-World-master\ooopen\Debug\glfw.pdb'; linking object as if no debug info
glfw3.lib(win32_joystick.obj) : warning LNK4099: PDB 'glfw.pdb' was not found with 'glfw3.lib(win32_joystick.obj)' or at 'C:\Computer Science\Comp371\Project\COMP371-Computer-Graphic-Scene-of-End-of-the-World-master\ooopen\Debug\glfw.pdb'; linking object as if no debug info
glfw3.lib(win32_monitor.obj) : warning LNK4099: PDB 'glfw.pdb' was not found with 'glfw3.lib(win32_monitor.obj)' or at 'C:\Computer Science\Comp371\Project\COMP371-Computer-Graphic-Scene-of-End-of-the-World-master\ooopen\Debug\glfw.pdb'; linking object as if no debug info
glfw3.lib(win32_time.obj) : warning LNK4099: PDB 'glfw.pdb' was not found with 'glfw3.lib(win32_time.obj)' or at 'C:\Computer Science\Comp371\Project\COMP371-Computer-Graphic-Scene-of-End-of-the-World-master\ooopen\Debug\glfw.pdb'; linking object as if no debug info
glfw3.lib(win32_thread.obj) : warning LNK4099: PDB 'glfw.pdb' was not found with 'glfw3.lib(win32_thread.obj)' or at 'C:\Computer Science\Comp371\Project\COMP371-Computer-Graphic-Scene-of-End-of-the-World-master\ooopen\Debug\glfw.pdb'; linking object as if no debug info
glfw3.lib(win32_window.obj) : warning LNK4099: PDB 'glfw.pdb' was not found with 'glfw3.lib(win32_window.obj)' or at 'C:\Computer Science\Comp371\Project\COMP371-Computer-Graphic-Scene-of-End-of-the-World-master\ooopen\Debug\glfw.pdb'; linking object as if no debug info
glfw3.lib(wgl_context.obj) : warning LNK4099: PDB 'glfw.pdb' was not found with 'glfw3.lib(wgl_context.obj)' or at 'C:\Computer Science\Comp371\Project\COMP371-Computer-Graphic-Scene-of-End-of-the-World-master\ooopen\Debug\glfw.pdb'; linking object as if no debug info
glfw3.lib(egl_context.obj) : warning LNK4099: PDB 'glfw.pdb' was not found with 'glfw3.lib(egl_context.obj)' or at 'C:\Computer Science\Comp371\Project\COMP371-Computer-Graphic-Scene-of-End-of-the-World-master\ooopen\Debug\glfw.pdb'; linking object as if no debug info
glfw3.lib(osmesa_context.obj) : warning LNK4099: PDB 'glfw.pdb' was not found with 'glfw3.lib(osmesa_context.obj)' or at 'C:\Computer Science\Comp371\Project\COMP371-Computer-Graphic-Scene-of-End-of-the-World-master\ooopen\Debug\glfw.pdb'; linking object as if no debug info
  ooopen.vcxproj -> C:\Computer Science\Comp371\Project\COMP371-Computer-Graphic-Scene-of-End-of-the-World-master\ooopen\Debug\ooopen.exe
